13:35:54.927 [restartedMain] INFO  com.ikn.ums.TeamsBatchJobApplication - Starting TeamsBatchJobApplication using Java 11.0.18 on IKCON1049 with PID 25052 (C:\STS-4\IKCON\Products\UMS\msteams-batchjob-service3\target\classes started by VaishnavPuthiyanampa in C:\STS-4\IKCON\Products\UMS\msteams-batchjob-service3)
13:35:54.930 [restartedMain] INFO  com.ikn.ums.TeamsBatchJobApplication - No active profile set, falling back to 1 default profile: "default"
13:35:55.004 [restartedMain] INFO  o.s.b.d.restart.ChangeableUrls - The Class-Path manifest attribute in C:\Users\VaishnavPuthiyanampa\.m2\repository\com\oracle\database\jdbc\ojdbc8\21.5.0.0\ojdbc8-21.5.0.0.jar referenced one or more files that do not exist: file:/C:/Users/VaishnavPuthiyanampa/.m2/repository/com/oracle/database/jdbc/ojdbc8/21.5.0.0/oraclepki.jar
13:35:55.005 [restartedMain] INFO  o.s.b.d.e.DevToolsPropertyDefaultsPostProcessor - Devtools property defaults active! Set 'spring.devtools.add-properties' to 'false' to disable
13:35:55.005 [restartedMain] INFO  o.s.b.d.e.DevToolsPropertyDefaultsPostProcessor - For additional web related logging consider setting the 'logging.level.web' property to 'DEBUG'
13:35:56.930 [restartedMain] INFO  o.s.d.r.c.RepositoryConfigurationDelegate - Bootstrapping Spring Data JPA repositories in DEFAULT mode.
13:35:57.329 [restartedMain] INFO  o.s.d.r.c.RepositoryConfigurationDelegate - Finished Spring Data repository scanning in 380 ms. Found 4 JPA repository interfaces.
13:35:57.942 [restartedMain] INFO  o.s.cloud.context.scope.GenericScope - BeanFactory id=538d350a-361c-3692-bf29-8284430ef003
13:35:59.637 [restartedMain] INFO  o.s.b.w.e.tomcat.TomcatWebServer - Tomcat initialized with port(s): 0 (http)
13:35:59.653 [restartedMain] INFO  o.a.coyote.http11.Http11NioProtocol - Initializing ProtocolHandler ["http-nio-auto-1"]
13:35:59.656 [restartedMain] INFO  o.a.catalina.core.StandardService - Starting service [Tomcat]
13:35:59.657 [restartedMain] INFO  o.a.catalina.core.StandardEngine - Starting Servlet engine: [Apache Tomcat/9.0.78]
13:36:00.083 [restartedMain] INFO  o.a.c.c.C.[Tomcat].[localhost].[/] - Initializing Spring embedded WebApplicationContext
13:36:00.083 [restartedMain] INFO  o.s.b.w.s.c.ServletWebServerApplicationContext - Root WebApplicationContext: initialization completed in 5078 ms
13:36:00.390 [restartedMain] INFO  o.h.jpa.internal.util.LogHelper - HHH000204: Processing PersistenceUnitInfo [name: default]
13:36:00.525 [restartedMain] INFO  org.hibernate.Version - HHH000412: Hibernate ORM core version 5.6.15.Final
13:36:00.805 [restartedMain] INFO  o.h.annotations.common.Version - HCANN000001: Hibernate Commons Annotations {5.1.2.Final}
13:36:00.995 [restartedMain] INFO  com.zaxxer.hikari.HikariDataSource - HikariPool-1 - Starting...
13:36:01.885 [restartedMain] INFO  com.zaxxer.hikari.HikariDataSource - HikariPool-1 - Start completed.
13:36:01.942 [restartedMain] INFO  org.hibernate.dialect.Dialect - HHH000400: Using dialect: org.hibernate.dialect.PostgreSQLDialect
13:36:03.760 [restartedMain] INFO  o.h.e.t.j.p.i.JtaPlatformInitiator - HHH000490: Using JtaPlatform implementation: [org.hibernate.engine.transaction.jta.platform.internal.NoJtaPlatform]
13:36:03.779 [restartedMain] INFO  o.s.o.j.LocalContainerEntityManagerFactoryBean - Initialized JPA EntityManagerFactory for persistence unit 'default'
13:36:04.899 [restartedMain] WARN  o.s.b.a.o.j.JpaBaseConfiguration$JpaWebConfiguration - spring.jpa.open-in-view is enabled by default. Therefore, database queries may be performed during view rendering. Explicitly configure spring.jpa.open-in-view to disable this warning
13:36:07.065 [restartedMain] WARN  o.s.b.d.a.OptionalLiveReloadServer - Unable to start LiveReload server
13:36:07.680 [restartedMain] INFO  o.s.c.n.e.c.DiscoveryClientOptionalArgsConfiguration - Eureka HTTP Client uses RestTemplate.
13:36:09.709 [restartedMain] WARN  o.s.c.l.c.LoadBalancerCacheAutoConfiguration$LoadBalancerCaffeineWarnLogger - Spring Cloud LoadBalancer is currently working with the default cache. While this cache implementation is useful for development and tests, it's recommended to use Caffeine cache in production.You can switch to using Caffeine cache, by adding it and org.springframework.cache.caffeine.CaffeineCacheManager to the classpath.
13:36:09.856 [restartedMain] INFO  o.a.coyote.http11.Http11NioProtocol - Starting ProtocolHandler ["http-nio-auto-1"]
13:36:09.914 [restartedMain] INFO  o.s.b.w.e.tomcat.TomcatWebServer - Tomcat started on port(s): 50740 (http) with context path ''
13:36:09.917 [restartedMain] INFO  o.s.c.n.e.s.EurekaAutoServiceRegistration - Updating port to 50740
13:36:09.930 [restartedMain] INFO  o.s.c.n.eureka.InstanceInfoFactory - Setting initial instance status as: STARTING
13:36:10.063 [restartedMain] INFO  c.netflix.discovery.DiscoveryClient - Initializing Eureka in region us-east-1
13:36:10.077 [restartedMain] INFO  c.n.d.s.r.aws.ConfigClusterResolver - Resolving eureka endpoints via configuration
13:36:10.146 [restartedMain] INFO  c.netflix.discovery.DiscoveryClient - Disable delta property : false
13:36:10.147 [restartedMain] INFO  c.netflix.discovery.DiscoveryClient - Single vip registry refresh property : null
13:36:10.147 [restartedMain] INFO  c.netflix.discovery.DiscoveryClient - Force full registry fetch : false
13:36:10.147 [restartedMain] INFO  c.netflix.discovery.DiscoveryClient - Application is null : false
13:36:10.148 [restartedMain] INFO  c.netflix.discovery.DiscoveryClient - Registered Applications size is zero : true
13:36:10.149 [restartedMain] INFO  c.netflix.discovery.DiscoveryClient - Application version is -1: true
13:36:10.149 [restartedMain] INFO  c.netflix.discovery.DiscoveryClient - Getting all instance registry info from the eureka server
13:36:12.707 [restartedMain] INFO  c.netflix.discovery.DiscoveryClient - The response status is 200
13:36:12.744 [restartedMain] INFO  c.netflix.discovery.DiscoveryClient - Starting heartbeat executor: renew interval is: 30
13:36:12.789 [restartedMain] INFO  c.n.discovery.InstanceInfoReplicator - InstanceInfoReplicator onDemand update allowed rate per min is 4
13:36:12.844 [restartedMain] INFO  c.netflix.discovery.DiscoveryClient - Discovery Client initialized at timestamp 1693728372808 with initial instances count: 3
13:36:12.877 [restartedMain] INFO  o.s.c.n.e.s.EurekaServiceRegistry - Registering application UMS-BATCH-SERVICE with eureka with status UP
13:36:12.892 [restartedMain] INFO  c.netflix.discovery.DiscoveryClient - Saw local status change event StatusChangeEvent [timestamp=1693728372892, current=UP, previous=STARTING]
13:36:12.955 [DiscoveryClient-InstanceInfoReplicator-0] INFO  c.netflix.discovery.DiscoveryClient - DiscoveryClient_UMS-BATCH-SERVICE/IKCON1049:UMS-BATCH-SERVICE:0: registering service...
13:36:13.177 [DiscoveryClient-InstanceInfoReplicator-0] INFO  c.netflix.discovery.DiscoveryClient - DiscoveryClient_UMS-BATCH-SERVICE/IKCON1049:UMS-BATCH-SERVICE:0 - registration status: 204
13:36:14.526 [restartedMain] INFO  com.ikn.ums.TeamsBatchJobApplication - Started TeamsBatchJobApplication in 20.87 seconds (JVM running for 22.913)
13:37:41.457 [http-nio-auto-1-exec-1] INFO  o.a.c.c.C.[Tomcat].[localhost].[/] - Initializing Spring DispatcherServlet 'dispatcherServlet'
13:37:41.458 [http-nio-auto-1-exec-1] INFO  o.s.web.servlet.DispatcherServlet - Initializing Servlet 'dispatcherServlet'
13:37:41.472 [http-nio-auto-1-exec-1] INFO  o.s.web.servlet.DispatcherServlet - Completed initialization in 13 ms
13:41:10.160 [AsyncResolver-bootstrap-executor-0] INFO  c.n.d.s.r.aws.ConfigClusterResolver - Resolving eureka endpoints via configuration
13:46:10.168 [AsyncResolver-bootstrap-executor-0] INFO  c.n.d.s.r.aws.ConfigClusterResolver - Resolving eureka endpoints via configuration
13:51:10.178 [AsyncResolver-bootstrap-executor-0] INFO  c.n.d.s.r.aws.ConfigClusterResolver - Resolving eureka endpoints via configuration
13:56:10.188 [AsyncResolver-bootstrap-executor-0] INFO  c.n.d.s.r.aws.ConfigClusterResolver - Resolving eureka endpoints via configuration
14:01:10.192 [AsyncResolver-bootstrap-executor-0] INFO  c.n.d.s.r.aws.ConfigClusterResolver - Resolving eureka endpoints via configuration
14:04:43.200 [File Watcher] INFO  o.s.b.d.a.LocalDevToolsAutoConfiguration$RestartingClassPathChangeChangedEventListener - Restarting due to 1 class path change (0 additions, 0 deletions, 1 modification)
14:04:43.240 [Thread-1] INFO  o.s.c.n.e.s.EurekaServiceRegistry - Unregistering application UMS-BATCH-SERVICE with eureka with status DOWN
14:04:43.241 [Thread-1] INFO  c.netflix.discovery.DiscoveryClient - Saw local status change event StatusChangeEvent [timestamp=1693730083240, current=DOWN, previous=UP]
14:04:43.242 [DiscoveryClient-InstanceInfoReplicator-0] INFO  c.netflix.discovery.DiscoveryClient - DiscoveryClient_UMS-BATCH-SERVICE/IKCON1049:UMS-BATCH-SERVICE:0: registering service...
14:04:43.285 [DiscoveryClient-InstanceInfoReplicator-0] INFO  c.netflix.discovery.DiscoveryClient - DiscoveryClient_UMS-BATCH-SERVICE/IKCON1049:UMS-BATCH-SERVICE:0 - registration status: 204
14:04:43.489 [Thread-1] INFO  o.a.coyote.http11.Http11NioProtocol - Pausing ProtocolHandler ["http-nio-auto-1"]
14:04:43.490 [Thread-1] INFO  o.a.catalina.core.StandardService - Stopping service [Tomcat]
14:04:43.501 [Thread-1] INFO  o.a.c.c.C.[Tomcat].[localhost].[/] - Destroying Spring FrameworkServlet 'dispatcherServlet'
14:04:43.535 [Thread-1] INFO  o.a.coyote.http11.Http11NioProtocol - Stopping ProtocolHandler ["http-nio-auto-1"]
14:04:43.545 [Thread-1] INFO  o.a.coyote.http11.Http11NioProtocol - Destroying ProtocolHandler ["http-nio-auto-1"]
14:04:43.569 [Thread-1] INFO  o.s.o.j.LocalContainerEntityManagerFactoryBean - Closing JPA EntityManagerFactory for persistence unit 'default'
14:04:43.609 [Thread-1] INFO  com.zaxxer.hikari.HikariDataSource - HikariPool-1 - Shutdown initiated...
14:04:43.626 [Thread-1] INFO  com.zaxxer.hikari.HikariDataSource - HikariPool-1 - Shutdown completed.
14:04:43.632 [Thread-1] INFO  c.netflix.discovery.DiscoveryClient - Shutting down DiscoveryClient ...
14:04:46.663 [DiscoveryClient-0] WARN  c.n.discovery.TimedSupervisorTask - task supervisor shutting down, can't accept the task
14:04:46.666 [Thread-1] INFO  c.netflix.discovery.DiscoveryClient - Unregistering ...
14:04:46.694 [Thread-1] INFO  c.netflix.discovery.DiscoveryClient - DiscoveryClient_UMS-BATCH-SERVICE/IKCON1049:UMS-BATCH-SERVICE:0 - deregister  status: 200
14:04:46.714 [Thread-1] INFO  c.netflix.discovery.DiscoveryClient - Completed shut down of DiscoveryClient
14:04:47.385 [restartedMain] INFO  com.ikn.ums.TeamsBatchJobApplication - Starting TeamsBatchJobApplication using Java 11.0.18 on IKCON1049 with PID 25052 (C:\STS-4\IKCON\Products\UMS\msteams-batchjob-service3\target\classes started by VaishnavPuthiyanampa in C:\STS-4\IKCON\Products\UMS\msteams-batchjob-service3)
14:04:47.386 [restartedMain] INFO  com.ikn.ums.TeamsBatchJobApplication - No active profile set, falling back to 1 default profile: "default"
14:04:47.850 [restartedMain] INFO  o.s.d.r.c.RepositoryConfigurationDelegate - Bootstrapping Spring Data JPA repositories in DEFAULT mode.
14:04:47.902 [restartedMain] INFO  o.s.d.r.c.RepositoryConfigurationDelegate - Finished Spring Data repository scanning in 50 ms. Found 4 JPA repository interfaces.
14:04:47.971 [restartedMain] INFO  o.s.cloud.context.scope.GenericScope - BeanFactory id=538d350a-361c-3692-bf29-8284430ef003
14:04:48.098 [restartedMain] INFO  o.s.b.w.e.tomcat.TomcatWebServer - Tomcat initialized with port(s): 0 (http)
14:04:48.099 [restartedMain] INFO  o.a.coyote.http11.Http11NioProtocol - Initializing ProtocolHandler ["http-nio-auto-2"]
14:04:48.099 [restartedMain] INFO  o.a.catalina.core.StandardService - Starting service [Tomcat]
14:04:48.100 [restartedMain] INFO  o.a.catalina.core.StandardEngine - Starting Servlet engine: [Apache Tomcat/9.0.78]
14:04:48.148 [restartedMain] INFO  o.a.c.c.C.[Tomcat].[localhost].[/] - Initializing Spring embedded WebApplicationContext
14:04:48.148 [restartedMain] INFO  o.s.b.w.s.c.ServletWebServerApplicationContext - Root WebApplicationContext: initialization completed in 756 ms
14:04:48.185 [restartedMain] INFO  o.h.jpa.internal.util.LogHelper - HHH000204: Processing PersistenceUnitInfo [name: default]
14:04:48.193 [restartedMain] INFO  com.zaxxer.hikari.HikariDataSource - HikariPool-2 - Starting...
14:04:48.435 [restartedMain] INFO  com.zaxxer.hikari.HikariDataSource - HikariPool-2 - Start completed.
14:04:48.436 [restartedMain] INFO  org.hibernate.dialect.Dialect - HHH000400: Using dialect: org.hibernate.dialect.PostgreSQLDialect
14:04:48.682 [restartedMain] INFO  o.h.e.t.j.p.i.JtaPlatformInitiator - HHH000490: Using JtaPlatform implementation: [org.hibernate.engine.transaction.jta.platform.internal.NoJtaPlatform]
14:04:48.682 [restartedMain] INFO  o.s.o.j.LocalContainerEntityManagerFactoryBean - Initialized JPA EntityManagerFactory for persistence unit 'default'
14:04:48.876 [restartedMain] WARN  o.s.b.a.o.j.JpaBaseConfiguration$JpaWebConfiguration - spring.jpa.open-in-view is enabled by default. Therefore, database queries may be performed during view rendering. Explicitly configure spring.jpa.open-in-view to disable this warning
14:04:49.045 [restartedMain] WARN  o.s.b.d.a.OptionalLiveReloadServer - Unable to start LiveReload server
14:04:49.336 [restartedMain] INFO  o.s.c.n.e.c.DiscoveryClientOptionalArgsConfiguration - Eureka HTTP Client uses RestTemplate.
14:04:49.622 [restartedMain] WARN  o.s.c.l.c.LoadBalancerCacheAutoConfiguration$LoadBalancerCaffeineWarnLogger - Spring Cloud LoadBalancer is currently working with the default cache. While this cache implementation is useful for development and tests, it's recommended to use Caffeine cache in production.You can switch to using Caffeine cache, by adding it and org.springframework.cache.caffeine.CaffeineCacheManager to the classpath.
14:04:49.656 [restartedMain] INFO  o.a.coyote.http11.Http11NioProtocol - Starting ProtocolHandler ["http-nio-auto-2"]
14:04:49.659 [restartedMain] INFO  o.s.b.w.e.tomcat.TomcatWebServer - Tomcat started on port(s): 52145 (http) with context path ''
14:04:49.661 [restartedMain] INFO  o.s.c.n.e.s.EurekaAutoServiceRegistration - Updating port to 52145
14:04:49.664 [restartedMain] INFO  o.s.c.n.eureka.InstanceInfoFactory - Setting initial instance status as: STARTING
14:04:49.668 [restartedMain] INFO  c.netflix.discovery.DiscoveryClient - Initializing Eureka in region us-east-1
14:04:49.669 [restartedMain] INFO  c.n.d.s.r.aws.ConfigClusterResolver - Resolving eureka endpoints via configuration
14:04:49.671 [restartedMain] INFO  c.netflix.discovery.DiscoveryClient - Disable delta property : false
14:04:49.671 [restartedMain] INFO  c.netflix.discovery.DiscoveryClient - Single vip registry refresh property : null
14:04:49.672 [restartedMain] INFO  c.netflix.discovery.DiscoveryClient - Force full registry fetch : false
14:04:49.672 [restartedMain] INFO  c.netflix.discovery.DiscoveryClient - Application is null : false
14:04:49.672 [restartedMain] INFO  c.netflix.discovery.DiscoveryClient - Registered Applications size is zero : true
14:04:49.672 [restartedMain] INFO  c.netflix.discovery.DiscoveryClient - Application version is -1: true
14:04:49.672 [restartedMain] INFO  c.netflix.discovery.DiscoveryClient - Getting all instance registry info from the eureka server
14:04:49.703 [restartedMain] INFO  c.netflix.discovery.DiscoveryClient - The response status is 200
14:04:49.704 [restartedMain] INFO  c.netflix.discovery.DiscoveryClient - Starting heartbeat executor: renew interval is: 30
14:04:49.705 [restartedMain] INFO  c.n.discovery.InstanceInfoReplicator - InstanceInfoReplicator onDemand update allowed rate per min is 4
14:04:49.706 [restartedMain] INFO  c.netflix.discovery.DiscoveryClient - Discovery Client initialized at timestamp 1693730089706 with initial instances count: 4
14:04:49.709 [restartedMain] INFO  o.s.c.n.e.s.EurekaServiceRegistry - Registering application UMS-BATCH-SERVICE with eureka with status UP
14:04:49.709 [restartedMain] INFO  c.netflix.discovery.DiscoveryClient - Saw local status change event StatusChangeEvent [timestamp=1693730089709, current=UP, previous=STARTING]
14:04:49.710 [DiscoveryClient-InstanceInfoReplicator-0] INFO  c.netflix.discovery.DiscoveryClient - DiscoveryClient_UMS-BATCH-SERVICE/IKCON1049:UMS-BATCH-SERVICE:0: registering service...
14:04:49.729 [DiscoveryClient-InstanceInfoReplicator-0] INFO  c.netflix.discovery.DiscoveryClient - DiscoveryClient_UMS-BATCH-SERVICE/IKCON1049:UMS-BATCH-SERVICE:0 - registration status: 204
14:04:50.121 [restartedMain] INFO  com.ikn.ums.TeamsBatchJobApplication - Started TeamsBatchJobApplication in 3.049 seconds (JVM running for 1738.507)
14:04:50.124 [restartedMain] INFO  o.s.b.d.a.ConditionEvaluationDeltaLoggingListener - Condition evaluation unchanged
14:04:50.531 [File Watcher] INFO  o.s.b.d.a.LocalDevToolsAutoConfiguration$RestartingClassPathChangeChangedEventListener - Restarting due to 3 class path changes (0 additions, 0 deletions, 3 modifications)
14:04:50.534 [Thread-7] INFO  o.s.c.n.e.s.EurekaServiceRegistry - Unregistering application UMS-BATCH-SERVICE with eureka with status DOWN
14:04:50.534 [Thread-7] INFO  c.netflix.discovery.DiscoveryClient - Saw local status change event StatusChangeEvent [timestamp=1693730090534, current=DOWN, previous=UP]
14:04:50.535 [DiscoveryClient-InstanceInfoReplicator-0] INFO  c.netflix.discovery.DiscoveryClient - DiscoveryClient_UMS-BATCH-SERVICE/IKCON1049:UMS-BATCH-SERVICE:0: registering service...
14:04:50.545 [DiscoveryClient-InstanceInfoReplicator-0] INFO  c.netflix.discovery.DiscoveryClient - DiscoveryClient_UMS-BATCH-SERVICE/IKCON1049:UMS-BATCH-SERVICE:0 - registration status: 204
14:04:51.510 [Thread-7] INFO  o.a.coyote.http11.Http11NioProtocol - Pausing ProtocolHandler ["http-nio-auto-2"]
14:04:51.512 [Thread-7] INFO  o.a.catalina.core.StandardService - Stopping service [Tomcat]
14:04:51.524 [Thread-7] INFO  o.a.coyote.http11.Http11NioProtocol - Stopping ProtocolHandler ["http-nio-auto-2"]
14:04:51.537 [Thread-7] INFO  o.a.coyote.http11.Http11NioProtocol - Destroying ProtocolHandler ["http-nio-auto-2"]
14:04:51.544 [Thread-7] INFO  o.s.o.j.LocalContainerEntityManagerFactoryBean - Closing JPA EntityManagerFactory for persistence unit 'default'
14:04:51.549 [Thread-7] INFO  com.zaxxer.hikari.HikariDataSource - HikariPool-2 - Shutdown initiated...
14:04:51.862 [Thread-7] INFO  com.zaxxer.hikari.HikariDataSource - HikariPool-2 - Shutdown completed.
14:04:51.862 [Thread-7] INFO  c.netflix.discovery.DiscoveryClient - Shutting down DiscoveryClient ...
14:04:54.872 [Thread-7] INFO  c.netflix.discovery.DiscoveryClient - Unregistering ...
14:04:54.889 [Thread-7] INFO  c.netflix.discovery.DiscoveryClient - DiscoveryClient_UMS-BATCH-SERVICE/IKCON1049:UMS-BATCH-SERVICE:0 - deregister  status: 200
14:04:54.900 [Thread-7] INFO  c.netflix.discovery.DiscoveryClient - Completed shut down of DiscoveryClient
14:04:55.326 [restartedMain] INFO  com.ikn.ums.TeamsBatchJobApplication - Starting TeamsBatchJobApplication using Java 11.0.18 on IKCON1049 with PID 25052 (C:\STS-4\IKCON\Products\UMS\msteams-batchjob-service3\target\classes started by VaishnavPuthiyanampa in C:\STS-4\IKCON\Products\UMS\msteams-batchjob-service3)
14:04:55.327 [restartedMain] INFO  com.ikn.ums.TeamsBatchJobApplication - No active profile set, falling back to 1 default profile: "default"
14:04:55.642 [restartedMain] INFO  o.s.d.r.c.RepositoryConfigurationDelegate - Bootstrapping Spring Data JPA repositories in DEFAULT mode.
14:04:55.696 [restartedMain] INFO  o.s.d.r.c.RepositoryConfigurationDelegate - Finished Spring Data repository scanning in 53 ms. Found 4 JPA repository interfaces.
14:04:55.773 [restartedMain] INFO  o.s.cloud.context.scope.GenericScope - BeanFactory id=538d350a-361c-3692-bf29-8284430ef003
14:04:55.860 [restartedMain] INFO  o.s.b.w.e.tomcat.TomcatWebServer - Tomcat initialized with port(s): 0 (http)
14:04:55.860 [restartedMain] INFO  o.a.coyote.http11.Http11NioProtocol - Initializing ProtocolHandler ["http-nio-auto-3"]
14:04:55.861 [restartedMain] INFO  o.a.catalina.core.StandardService - Starting service [Tomcat]
14:04:55.861 [restartedMain] INFO  o.a.catalina.core.StandardEngine - Starting Servlet engine: [Apache Tomcat/9.0.78]
14:04:55.896 [restartedMain] INFO  o.a.c.c.C.[Tomcat].[localhost].[/] - Initializing Spring embedded WebApplicationContext
14:04:55.896 [restartedMain] INFO  o.s.b.w.s.c.ServletWebServerApplicationContext - Root WebApplicationContext: initialization completed in 565 ms
14:04:55.934 [restartedMain] INFO  o.h.jpa.internal.util.LogHelper - HHH000204: Processing PersistenceUnitInfo [name: default]
14:04:55.944 [restartedMain] INFO  com.zaxxer.hikari.HikariDataSource - HikariPool-3 - Starting...
14:04:56.257 [restartedMain] INFO  com.zaxxer.hikari.HikariDataSource - HikariPool-3 - Start completed.
14:04:56.257 [restartedMain] INFO  org.hibernate.dialect.Dialect - HHH000400: Using dialect: org.hibernate.dialect.PostgreSQLDialect
14:04:56.496 [restartedMain] INFO  o.h.e.t.j.p.i.JtaPlatformInitiator - HHH000490: Using JtaPlatform implementation: [org.hibernate.engine.transaction.jta.platform.internal.NoJtaPlatform]
14:04:56.497 [restartedMain] INFO  o.s.o.j.LocalContainerEntityManagerFactoryBean - Initialized JPA EntityManagerFactory for persistence unit 'default'
14:04:56.723 [restartedMain] WARN  o.s.b.a.o.j.JpaBaseConfiguration$JpaWebConfiguration - spring.jpa.open-in-view is enabled by default. Therefore, database queries may be performed during view rendering. Explicitly configure spring.jpa.open-in-view to disable this warning
14:04:56.872 [restartedMain] WARN  o.s.b.d.a.OptionalLiveReloadServer - Unable to start LiveReload server
14:04:57.178 [restartedMain] INFO  o.s.c.n.e.c.DiscoveryClientOptionalArgsConfiguration - Eureka HTTP Client uses RestTemplate.
14:04:57.441 [restartedMain] WARN  o.s.c.l.c.LoadBalancerCacheAutoConfiguration$LoadBalancerCaffeineWarnLogger - Spring Cloud LoadBalancer is currently working with the default cache. While this cache implementation is useful for development and tests, it's recommended to use Caffeine cache in production.You can switch to using Caffeine cache, by adding it and org.springframework.cache.caffeine.CaffeineCacheManager to the classpath.
14:04:57.455 [restartedMain] INFO  o.a.coyote.http11.Http11NioProtocol - Starting ProtocolHandler ["http-nio-auto-3"]
14:04:57.457 [restartedMain] INFO  o.s.b.w.e.tomcat.TomcatWebServer - Tomcat started on port(s): 52162 (http) with context path ''
14:04:57.457 [restartedMain] INFO  o.s.c.n.e.s.EurekaAutoServiceRegistration - Updating port to 52162
14:04:57.458 [restartedMain] INFO  o.s.c.n.eureka.InstanceInfoFactory - Setting initial instance status as: STARTING
14:04:57.461 [restartedMain] INFO  c.netflix.discovery.DiscoveryClient - Initializing Eureka in region us-east-1
14:04:57.461 [restartedMain] INFO  c.n.d.s.r.aws.ConfigClusterResolver - Resolving eureka endpoints via configuration
14:04:57.462 [restartedMain] INFO  c.netflix.discovery.DiscoveryClient - Disable delta property : false
14:04:57.462 [restartedMain] INFO  c.netflix.discovery.DiscoveryClient - Single vip registry refresh property : null
14:04:57.462 [restartedMain] INFO  c.netflix.discovery.DiscoveryClient - Force full registry fetch : false
14:04:57.462 [restartedMain] INFO  c.netflix.discovery.DiscoveryClient - Application is null : false
14:04:57.462 [restartedMain] INFO  c.netflix.discovery.DiscoveryClient - Registered Applications size is zero : true
14:04:57.462 [restartedMain] INFO  c.netflix.discovery.DiscoveryClient - Application version is -1: true
14:04:57.462 [restartedMain] INFO  c.netflix.discovery.DiscoveryClient - Getting all instance registry info from the eureka server
14:04:57.481 [restartedMain] INFO  c.netflix.discovery.DiscoveryClient - The response status is 200
14:04:57.482 [restartedMain] INFO  c.netflix.discovery.DiscoveryClient - Starting heartbeat executor: renew interval is: 30
14:04:57.483 [restartedMain] INFO  c.n.discovery.InstanceInfoReplicator - InstanceInfoReplicator onDemand update allowed rate per min is 4
14:04:57.484 [restartedMain] INFO  c.netflix.discovery.DiscoveryClient - Discovery Client initialized at timestamp 1693730097483 with initial instances count: 4
14:04:57.485 [restartedMain] INFO  o.s.c.n.e.s.EurekaServiceRegistry - Registering application UMS-BATCH-SERVICE with eureka with status UP
14:04:57.486 [restartedMain] INFO  c.netflix.discovery.DiscoveryClient - Saw local status change event StatusChangeEvent [timestamp=1693730097486, current=UP, previous=STARTING]
14:04:57.486 [DiscoveryClient-InstanceInfoReplicator-0] INFO  c.netflix.discovery.DiscoveryClient - DiscoveryClient_UMS-BATCH-SERVICE/IKCON1049:UMS-BATCH-SERVICE:0: registering service...
14:04:57.514 [DiscoveryClient-InstanceInfoReplicator-0] INFO  c.netflix.discovery.DiscoveryClient - DiscoveryClient_UMS-BATCH-SERVICE/IKCON1049:UMS-BATCH-SERVICE:0 - registration status: 204
14:04:57.815 [restartedMain] INFO  com.ikn.ums.TeamsBatchJobApplication - Started TeamsBatchJobApplication in 2.833 seconds (JVM running for 1746.201)
14:04:57.818 [restartedMain] INFO  o.s.b.d.a.ConditionEvaluationDeltaLoggingListener - Condition evaluation unchanged
14:04:58.325 [File Watcher] INFO  o.s.b.d.a.LocalDevToolsAutoConfiguration$RestartingClassPathChangeChangedEventListener - Restarting due to 1 class path change (0 additions, 0 deletions, 1 modification)
14:04:58.327 [Thread-13] INFO  o.s.c.n.e.s.EurekaServiceRegistry - Unregistering application UMS-BATCH-SERVICE with eureka with status DOWN
14:04:58.327 [Thread-13] INFO  c.netflix.discovery.DiscoveryClient - Saw local status change event StatusChangeEvent [timestamp=1693730098327, current=DOWN, previous=UP]
14:04:58.327 [DiscoveryClient-InstanceInfoReplicator-0] INFO  c.netflix.discovery.DiscoveryClient - DiscoveryClient_UMS-BATCH-SERVICE/IKCON1049:UMS-BATCH-SERVICE:0: registering service...
14:04:58.332 [DiscoveryClient-InstanceInfoReplicator-0] INFO  c.netflix.discovery.DiscoveryClient - DiscoveryClient_UMS-BATCH-SERVICE/IKCON1049:UMS-BATCH-SERVICE:0 - registration status: 204
14:04:58.496 [Thread-13] INFO  o.a.coyote.http11.Http11NioProtocol - Pausing ProtocolHandler ["http-nio-auto-3"]
14:04:58.497 [Thread-13] INFO  o.a.catalina.core.StandardService - Stopping service [Tomcat]
14:04:58.503 [Thread-13] INFO  o.a.coyote.http11.Http11NioProtocol - Stopping ProtocolHandler ["http-nio-auto-3"]
14:04:58.505 [Thread-13] INFO  o.a.coyote.http11.Http11NioProtocol - Destroying ProtocolHandler ["http-nio-auto-3"]
14:04:58.509 [Thread-13] INFO  o.s.o.j.LocalContainerEntityManagerFactoryBean - Closing JPA EntityManagerFactory for persistence unit 'default'
14:04:58.511 [Thread-13] INFO  com.zaxxer.hikari.HikariDataSource - HikariPool-3 - Shutdown initiated...
14:04:58.722 [Thread-13] INFO  com.zaxxer.hikari.HikariDataSource - HikariPool-3 - Shutdown completed.
14:04:58.722 [Thread-13] INFO  c.netflix.discovery.DiscoveryClient - Shutting down DiscoveryClient ...
14:05:01.727 [Thread-13] INFO  c.netflix.discovery.DiscoveryClient - Unregistering ...
14:05:01.758 [Thread-13] INFO  c.netflix.discovery.DiscoveryClient - DiscoveryClient_UMS-BATCH-SERVICE/IKCON1049:UMS-BATCH-SERVICE:0 - deregister  status: 200
14:05:01.766 [Thread-13] INFO  c.netflix.discovery.DiscoveryClient - Completed shut down of DiscoveryClient
14:05:02.102 [restartedMain] INFO  com.ikn.ums.TeamsBatchJobApplication - Starting TeamsBatchJobApplication using Java 11.0.18 on IKCON1049 with PID 25052 (C:\STS-4\IKCON\Products\UMS\msteams-batchjob-service3\target\classes started by VaishnavPuthiyanampa in C:\STS-4\IKCON\Products\UMS\msteams-batchjob-service3)
14:05:02.102 [restartedMain] INFO  com.ikn.ums.TeamsBatchJobApplication - No active profile set, falling back to 1 default profile: "default"
14:05:02.514 [restartedMain] INFO  o.s.d.r.c.RepositoryConfigurationDelegate - Bootstrapping Spring Data JPA repositories in DEFAULT mode.
14:05:02.577 [restartedMain] INFO  o.s.d.r.c.RepositoryConfigurationDelegate - Finished Spring Data repository scanning in 62 ms. Found 4 JPA repository interfaces.
14:05:02.636 [restartedMain] INFO  o.s.cloud.context.scope.GenericScope - BeanFactory id=538d350a-361c-3692-bf29-8284430ef003
14:05:02.705 [restartedMain] INFO  o.s.b.w.e.tomcat.TomcatWebServer - Tomcat initialized with port(s): 0 (http)
14:05:02.707 [restartedMain] INFO  o.a.coyote.http11.Http11NioProtocol - Initializing ProtocolHandler ["http-nio-auto-4"]
14:05:02.707 [restartedMain] INFO  o.a.catalina.core.StandardService - Starting service [Tomcat]
14:05:02.707 [restartedMain] INFO  o.a.catalina.core.StandardEngine - Starting Servlet engine: [Apache Tomcat/9.0.78]
14:05:02.745 [restartedMain] INFO  o.a.c.c.C.[Tomcat].[localhost].[/] - Initializing Spring embedded WebApplicationContext
14:05:02.745 [restartedMain] INFO  o.s.b.w.s.c.ServletWebServerApplicationContext - Root WebApplicationContext: initialization completed in 640 ms
14:05:02.773 [restartedMain] INFO  o.h.jpa.internal.util.LogHelper - HHH000204: Processing PersistenceUnitInfo [name: default]
14:05:02.780 [restartedMain] INFO  com.zaxxer.hikari.HikariDataSource - HikariPool-4 - Starting...
14:05:03.045 [restartedMain] INFO  com.zaxxer.hikari.HikariDataSource - HikariPool-4 - Start completed.
14:05:03.046 [restartedMain] INFO  org.hibernate.dialect.Dialect - HHH000400: Using dialect: org.hibernate.dialect.PostgreSQLDialect
14:05:03.246 [restartedMain] INFO  o.h.e.t.j.p.i.JtaPlatformInitiator - HHH000490: Using JtaPlatform implementation: [org.hibernate.engine.transaction.jta.platform.internal.NoJtaPlatform]
14:05:03.247 [restartedMain] INFO  o.s.o.j.LocalContainerEntityManagerFactoryBean - Initialized JPA EntityManagerFactory for persistence unit 'default'
14:05:03.439 [restartedMain] WARN  o.s.b.a.o.j.JpaBaseConfiguration$JpaWebConfiguration - spring.jpa.open-in-view is enabled by default. Therefore, database queries may be performed during view rendering. Explicitly configure spring.jpa.open-in-view to disable this warning
14:05:03.529 [restartedMain] WARN  o.s.b.d.a.OptionalLiveReloadServer - Unable to start LiveReload server
14:05:03.960 [restartedMain] INFO  o.s.c.n.e.c.DiscoveryClientOptionalArgsConfiguration - Eureka HTTP Client uses RestTemplate.
14:05:04.329 [restartedMain] WARN  o.s.c.l.c.LoadBalancerCacheAutoConfiguration$LoadBalancerCaffeineWarnLogger - Spring Cloud LoadBalancer is currently working with the default cache. While this cache implementation is useful for development and tests, it's recommended to use Caffeine cache in production.You can switch to using Caffeine cache, by adding it and org.springframework.cache.caffeine.CaffeineCacheManager to the classpath.
14:05:04.342 [restartedMain] INFO  o.a.coyote.http11.Http11NioProtocol - Starting ProtocolHandler ["http-nio-auto-4"]
14:05:04.345 [restartedMain] INFO  o.s.b.w.e.tomcat.TomcatWebServer - Tomcat started on port(s): 52179 (http) with context path ''
14:05:04.346 [restartedMain] INFO  o.s.c.n.e.s.EurekaAutoServiceRegistration - Updating port to 52179
14:05:04.347 [restartedMain] INFO  o.s.c.n.eureka.InstanceInfoFactory - Setting initial instance status as: STARTING
14:05:04.349 [restartedMain] INFO  c.netflix.discovery.DiscoveryClient - Initializing Eureka in region us-east-1
14:05:04.350 [restartedMain] INFO  c.n.d.s.r.aws.ConfigClusterResolver - Resolving eureka endpoints via configuration
14:05:04.351 [restartedMain] INFO  c.netflix.discovery.DiscoveryClient - Disable delta property : false
14:05:04.351 [restartedMain] INFO  c.netflix.discovery.DiscoveryClient - Single vip registry refresh property : null
14:05:04.351 [restartedMain] INFO  c.netflix.discovery.DiscoveryClient - Force full registry fetch : false
14:05:04.351 [restartedMain] INFO  c.netflix.discovery.DiscoveryClient - Application is null : false
14:05:04.351 [restartedMain] INFO  c.netflix.discovery.DiscoveryClient - Registered Applications size is zero : true
14:05:04.351 [restartedMain] INFO  c.netflix.discovery.DiscoveryClient - Application version is -1: true
14:05:04.351 [restartedMain] INFO  c.netflix.discovery.DiscoveryClient - Getting all instance registry info from the eureka server
14:05:04.386 [restartedMain] INFO  c.netflix.discovery.DiscoveryClient - The response status is 200
14:05:04.387 [restartedMain] INFO  c.netflix.discovery.DiscoveryClient - Starting heartbeat executor: renew interval is: 30
14:05:04.388 [restartedMain] INFO  c.n.discovery.InstanceInfoReplicator - InstanceInfoReplicator onDemand update allowed rate per min is 4
14:05:04.388 [restartedMain] INFO  c.netflix.discovery.DiscoveryClient - Discovery Client initialized at timestamp 1693730104388 with initial instances count: 4
14:05:04.390 [restartedMain] INFO  o.s.c.n.e.s.EurekaServiceRegistry - Registering application UMS-BATCH-SERVICE with eureka with status UP
14:05:04.391 [restartedMain] INFO  c.netflix.discovery.DiscoveryClient - Saw local status change event StatusChangeEvent [timestamp=1693730104391, current=UP, previous=STARTING]
14:05:04.392 [DiscoveryClient-InstanceInfoReplicator-0] INFO  c.netflix.discovery.DiscoveryClient - DiscoveryClient_UMS-BATCH-SERVICE/IKCON1049:UMS-BATCH-SERVICE:0: registering service...
14:05:04.411 [DiscoveryClient-InstanceInfoReplicator-0] INFO  c.netflix.discovery.DiscoveryClient - DiscoveryClient_UMS-BATCH-SERVICE/IKCON1049:UMS-BATCH-SERVICE:0 - registration status: 204
14:05:04.650 [restartedMain] INFO  com.ikn.ums.TeamsBatchJobApplication - Started TeamsBatchJobApplication in 2.809 seconds (JVM running for 1753.037)
14:05:04.652 [restartedMain] INFO  o.s.b.d.a.ConditionEvaluationDeltaLoggingListener - Condition evaluation unchanged
14:05:23.670 [File Watcher] INFO  o.s.b.d.a.LocalDevToolsAutoConfiguration$RestartingClassPathChangeChangedEventListener - Restarting due to 1 class path change (0 additions, 0 deletions, 1 modification)
14:05:23.672 [Thread-19] INFO  o.s.c.n.e.s.EurekaServiceRegistry - Unregistering application UMS-BATCH-SERVICE with eureka with status DOWN
14:05:23.673 [Thread-19] INFO  c.netflix.discovery.DiscoveryClient - Saw local status change event StatusChangeEvent [timestamp=1693730123673, current=DOWN, previous=UP]
14:05:23.673 [DiscoveryClient-InstanceInfoReplicator-0] INFO  c.netflix.discovery.DiscoveryClient - DiscoveryClient_UMS-BATCH-SERVICE/IKCON1049:UMS-BATCH-SERVICE:0: registering service...
14:05:23.685 [DiscoveryClient-InstanceInfoReplicator-0] INFO  c.netflix.discovery.DiscoveryClient - DiscoveryClient_UMS-BATCH-SERVICE/IKCON1049:UMS-BATCH-SERVICE:0 - registration status: 204
14:05:23.919 [Thread-19] INFO  o.a.coyote.http11.Http11NioProtocol - Pausing ProtocolHandler ["http-nio-auto-4"]
14:05:23.920 [Thread-19] INFO  o.a.catalina.core.StandardService - Stopping service [Tomcat]
14:05:23.925 [Thread-19] INFO  o.a.coyote.http11.Http11NioProtocol - Stopping ProtocolHandler ["http-nio-auto-4"]
14:05:23.929 [Thread-19] INFO  o.a.coyote.http11.Http11NioProtocol - Destroying ProtocolHandler ["http-nio-auto-4"]
14:05:23.934 [Thread-19] INFO  o.s.o.j.LocalContainerEntityManagerFactoryBean - Closing JPA EntityManagerFactory for persistence unit 'default'
14:05:23.935 [Thread-19] INFO  com.zaxxer.hikari.HikariDataSource - HikariPool-4 - Shutdown initiated...
14:05:23.941 [Thread-19] INFO  com.zaxxer.hikari.HikariDataSource - HikariPool-4 - Shutdown completed.
14:05:23.944 [Thread-19] INFO  c.netflix.discovery.DiscoveryClient - Shutting down DiscoveryClient ...
14:05:26.954 [Thread-19] INFO  c.netflix.discovery.DiscoveryClient - Unregistering ...
14:05:26.971 [Thread-19] INFO  c.netflix.discovery.DiscoveryClient - DiscoveryClient_UMS-BATCH-SERVICE/IKCON1049:UMS-BATCH-SERVICE:0 - deregister  status: 200
14:05:26.976 [Thread-19] INFO  c.netflix.discovery.DiscoveryClient - Completed shut down of DiscoveryClient
14:05:27.372 [restartedMain] INFO  com.ikn.ums.TeamsBatchJobApplication - Starting TeamsBatchJobApplication using Java 11.0.18 on IKCON1049 with PID 25052 (C:\STS-4\IKCON\Products\UMS\msteams-batchjob-service3\target\classes started by VaishnavPuthiyanampa in C:\STS-4\IKCON\Products\UMS\msteams-batchjob-service3)
14:05:27.373 [restartedMain] INFO  com.ikn.ums.TeamsBatchJobApplication - No active profile set, falling back to 1 default profile: "default"
14:05:27.741 [restartedMain] INFO  o.s.d.r.c.RepositoryConfigurationDelegate - Bootstrapping Spring Data JPA repositories in DEFAULT mode.
14:05:27.782 [restartedMain] INFO  o.s.d.r.c.RepositoryConfigurationDelegate - Finished Spring Data repository scanning in 39 ms. Found 4 JPA repository interfaces.
14:05:27.833 [restartedMain] INFO  o.s.cloud.context.scope.GenericScope - BeanFactory id=538d350a-361c-3692-bf29-8284430ef003
14:05:27.929 [restartedMain] INFO  o.s.b.w.e.tomcat.TomcatWebServer - Tomcat initialized with port(s): 0 (http)
14:05:27.929 [restartedMain] INFO  o.a.coyote.http11.Http11NioProtocol - Initializing ProtocolHandler ["http-nio-auto-5"]
14:05:27.929 [restartedMain] INFO  o.a.catalina.core.StandardService - Starting service [Tomcat]
14:05:27.930 [restartedMain] INFO  o.a.catalina.core.StandardEngine - Starting Servlet engine: [Apache Tomcat/9.0.78]
14:05:27.968 [restartedMain] INFO  o.a.c.c.C.[Tomcat].[localhost].[/] - Initializing Spring embedded WebApplicationContext
14:05:27.968 [restartedMain] INFO  o.s.b.w.s.c.ServletWebServerApplicationContext - Root WebApplicationContext: initialization completed in 589 ms
14:05:28.002 [restartedMain] INFO  o.h.jpa.internal.util.LogHelper - HHH000204: Processing PersistenceUnitInfo [name: default]
14:05:28.011 [restartedMain] INFO  com.zaxxer.hikari.HikariDataSource - HikariPool-5 - Starting...
14:05:28.285 [restartedMain] INFO  com.zaxxer.hikari.HikariDataSource - HikariPool-5 - Start completed.
14:05:28.285 [restartedMain] INFO  org.hibernate.dialect.Dialect - HHH000400: Using dialect: org.hibernate.dialect.PostgreSQLDialect
14:05:28.481 [restartedMain] INFO  o.h.e.t.j.p.i.JtaPlatformInitiator - HHH000490: Using JtaPlatform implementation: [org.hibernate.engine.transaction.jta.platform.internal.NoJtaPlatform]
14:05:28.481 [restartedMain] INFO  o.s.o.j.LocalContainerEntityManagerFactoryBean - Initialized JPA EntityManagerFactory for persistence unit 'default'
14:05:28.734 [restartedMain] WARN  o.s.b.a.o.j.JpaBaseConfiguration$JpaWebConfiguration - spring.jpa.open-in-view is enabled by default. Therefore, database queries may be performed during view rendering. Explicitly configure spring.jpa.open-in-view to disable this warning
14:05:28.843 [restartedMain] WARN  o.s.b.d.a.OptionalLiveReloadServer - Unable to start LiveReload server
14:05:29.168 [restartedMain] INFO  o.s.c.n.e.c.DiscoveryClientOptionalArgsConfiguration - Eureka HTTP Client uses RestTemplate.
14:05:29.602 [restartedMain] WARN  o.s.c.l.c.LoadBalancerCacheAutoConfiguration$LoadBalancerCaffeineWarnLogger - Spring Cloud LoadBalancer is currently working with the default cache. While this cache implementation is useful for development and tests, it's recommended to use Caffeine cache in production.You can switch to using Caffeine cache, by adding it and org.springframework.cache.caffeine.CaffeineCacheManager to the classpath.
14:05:29.629 [restartedMain] INFO  o.a.coyote.http11.Http11NioProtocol - Starting ProtocolHandler ["http-nio-auto-5"]
14:05:29.634 [restartedMain] INFO  o.s.b.w.e.tomcat.TomcatWebServer - Tomcat started on port(s): 52198 (http) with context path ''
14:05:29.634 [restartedMain] INFO  o.s.c.n.e.s.EurekaAutoServiceRegistration - Updating port to 52198
14:05:29.636 [restartedMain] INFO  o.s.c.n.eureka.InstanceInfoFactory - Setting initial instance status as: STARTING
14:05:29.641 [restartedMain] INFO  c.netflix.discovery.DiscoveryClient - Initializing Eureka in region us-east-1
14:05:29.641 [restartedMain] INFO  c.n.d.s.r.aws.ConfigClusterResolver - Resolving eureka endpoints via configuration
14:05:29.642 [restartedMain] INFO  c.netflix.discovery.DiscoveryClient - Disable delta property : false
14:05:29.642 [restartedMain] INFO  c.netflix.discovery.DiscoveryClient - Single vip registry refresh property : null
14:05:29.643 [restartedMain] INFO  c.netflix.discovery.DiscoveryClient - Force full registry fetch : false
14:05:29.643 [restartedMain] INFO  c.netflix.discovery.DiscoveryClient - Application is null : false
14:05:29.643 [restartedMain] INFO  c.netflix.discovery.DiscoveryClient - Registered Applications size is zero : true
14:05:29.643 [restartedMain] INFO  c.netflix.discovery.DiscoveryClient - Application version is -1: true
14:05:29.643 [restartedMain] INFO  c.netflix.discovery.DiscoveryClient - Getting all instance registry info from the eureka server
14:05:29.674 [restartedMain] INFO  c.netflix.discovery.DiscoveryClient - The response status is 200
14:05:29.675 [restartedMain] INFO  c.netflix.discovery.DiscoveryClient - Starting heartbeat executor: renew interval is: 30
14:05:29.677 [restartedMain] INFO  c.n.discovery.InstanceInfoReplicator - InstanceInfoReplicator onDemand update allowed rate per min is 4
14:05:29.679 [restartedMain] INFO  c.netflix.discovery.DiscoveryClient - Discovery Client initialized at timestamp 1693730129679 with initial instances count: 4
14:05:29.683 [restartedMain] INFO  o.s.c.n.e.s.EurekaServiceRegistry - Registering application UMS-BATCH-SERVICE with eureka with status UP
14:05:29.683 [restartedMain] INFO  c.netflix.discovery.DiscoveryClient - Saw local status change event StatusChangeEvent [timestamp=1693730129683, current=UP, previous=STARTING]
14:05:29.684 [DiscoveryClient-InstanceInfoReplicator-0] INFO  c.netflix.discovery.DiscoveryClient - DiscoveryClient_UMS-BATCH-SERVICE/IKCON1049:UMS-BATCH-SERVICE:0: registering service...
14:05:29.726 [DiscoveryClient-InstanceInfoReplicator-0] INFO  c.netflix.discovery.DiscoveryClient - DiscoveryClient_UMS-BATCH-SERVICE/IKCON1049:UMS-BATCH-SERVICE:0 - registration status: 204
14:05:30.016 [restartedMain] INFO  com.ikn.ums.TeamsBatchJobApplication - Started TeamsBatchJobApplication in 2.951 seconds (JVM running for 1778.403)
14:05:30.020 [restartedMain] INFO  o.s.b.d.a.ConditionEvaluationDeltaLoggingListener - Condition evaluation unchanged
14:05:39.623 [File Watcher] INFO  o.s.b.d.a.LocalDevToolsAutoConfiguration$RestartingClassPathChangeChangedEventListener - Restarting due to 1 class path change (0 additions, 0 deletions, 1 modification)
14:05:39.624 [Thread-25] INFO  o.s.c.n.e.s.EurekaServiceRegistry - Unregistering application UMS-BATCH-SERVICE with eureka with status DOWN
14:05:39.624 [Thread-25] INFO  c.netflix.discovery.DiscoveryClient - Saw local status change event StatusChangeEvent [timestamp=1693730139624, current=DOWN, previous=UP]
14:05:39.625 [DiscoveryClient-InstanceInfoReplicator-0] INFO  c.netflix.discovery.DiscoveryClient - DiscoveryClient_UMS-BATCH-SERVICE/IKCON1049:UMS-BATCH-SERVICE:0: registering service...
14:05:39.638 [DiscoveryClient-InstanceInfoReplicator-0] INFO  c.netflix.discovery.DiscoveryClient - DiscoveryClient_UMS-BATCH-SERVICE/IKCON1049:UMS-BATCH-SERVICE:0 - registration status: 204
14:05:39.806 [Thread-25] INFO  o.a.coyote.http11.Http11NioProtocol - Pausing ProtocolHandler ["http-nio-auto-5"]
14:05:39.806 [Thread-25] INFO  o.a.catalina.core.StandardService - Stopping service [Tomcat]
14:05:39.815 [Thread-25] INFO  o.a.coyote.http11.Http11NioProtocol - Stopping ProtocolHandler ["http-nio-auto-5"]
14:05:39.819 [Thread-25] INFO  o.a.coyote.http11.Http11NioProtocol - Destroying ProtocolHandler ["http-nio-auto-5"]
14:05:39.823 [Thread-25] INFO  o.s.o.j.LocalContainerEntityManagerFactoryBean - Closing JPA EntityManagerFactory for persistence unit 'default'
14:05:39.824 [Thread-25] INFO  com.zaxxer.hikari.HikariDataSource - HikariPool-5 - Shutdown initiated...
14:05:39.835 [Thread-25] INFO  com.zaxxer.hikari.HikariDataSource - HikariPool-5 - Shutdown completed.
14:05:39.836 [Thread-25] INFO  c.netflix.discovery.DiscoveryClient - Shutting down DiscoveryClient ...
14:05:42.840 [Thread-25] INFO  c.netflix.discovery.DiscoveryClient - Unregistering ...
14:05:42.858 [Thread-25] INFO  c.netflix.discovery.DiscoveryClient - DiscoveryClient_UMS-BATCH-SERVICE/IKCON1049:UMS-BATCH-SERVICE:0 - deregister  status: 200
14:05:42.866 [Thread-25] INFO  c.netflix.discovery.DiscoveryClient - Completed shut down of DiscoveryClient
14:05:43.410 [restartedMain] INFO  com.ikn.ums.TeamsBatchJobApplication - Starting TeamsBatchJobApplication using Java 11.0.18 on IKCON1049 with PID 25052 (C:\STS-4\IKCON\Products\UMS\msteams-batchjob-service3\target\classes started by VaishnavPuthiyanampa in C:\STS-4\IKCON\Products\UMS\msteams-batchjob-service3)
14:05:43.411 [restartedMain] INFO  com.ikn.ums.TeamsBatchJobApplication - No active profile set, falling back to 1 default profile: "default"
14:05:43.747 [restartedMain] INFO  o.s.d.r.c.RepositoryConfigurationDelegate - Bootstrapping Spring Data JPA repositories in DEFAULT mode.
14:05:43.805 [restartedMain] INFO  o.s.d.r.c.RepositoryConfigurationDelegate - Finished Spring Data repository scanning in 57 ms. Found 4 JPA repository interfaces.
14:05:43.877 [restartedMain] INFO  o.s.cloud.context.scope.GenericScope - BeanFactory id=538d350a-361c-3692-bf29-8284430ef003
14:05:43.952 [restartedMain] INFO  o.s.b.w.e.tomcat.TomcatWebServer - Tomcat initialized with port(s): 0 (http)
14:05:43.953 [restartedMain] INFO  o.a.coyote.http11.Http11NioProtocol - Initializing ProtocolHandler ["http-nio-auto-6"]
14:05:43.953 [restartedMain] INFO  o.a.catalina.core.StandardService - Starting service [Tomcat]
14:05:43.953 [restartedMain] INFO  o.a.catalina.core.StandardEngine - Starting Servlet engine: [Apache Tomcat/9.0.78]
14:05:43.994 [restartedMain] INFO  o.a.c.c.C.[Tomcat].[localhost].[/] - Initializing Spring embedded WebApplicationContext
14:05:43.994 [restartedMain] INFO  o.s.b.w.s.c.ServletWebServerApplicationContext - Root WebApplicationContext: initialization completed in 580 ms
14:05:44.039 [restartedMain] INFO  o.h.jpa.internal.util.LogHelper - HHH000204: Processing PersistenceUnitInfo [name: default]
14:05:44.050 [restartedMain] INFO  com.zaxxer.hikari.HikariDataSource - HikariPool-6 - Starting...
14:05:44.296 [restartedMain] INFO  com.zaxxer.hikari.HikariDataSource - HikariPool-6 - Start completed.
14:05:44.296 [restartedMain] INFO  org.hibernate.dialect.Dialect - HHH000400: Using dialect: org.hibernate.dialect.PostgreSQLDialect
14:05:44.553 [restartedMain] INFO  o.h.e.t.j.p.i.JtaPlatformInitiator - HHH000490: Using JtaPlatform implementation: [org.hibernate.engine.transaction.jta.platform.internal.NoJtaPlatform]
14:05:44.554 [restartedMain] INFO  o.s.o.j.LocalContainerEntityManagerFactoryBean - Initialized JPA EntityManagerFactory for persistence unit 'default'
14:05:44.799 [restartedMain] WARN  o.s.b.a.o.j.JpaBaseConfiguration$JpaWebConfiguration - spring.jpa.open-in-view is enabled by default. Therefore, database queries may be performed during view rendering. Explicitly configure spring.jpa.open-in-view to disable this warning
14:05:44.939 [restartedMain] WARN  o.s.b.d.a.OptionalLiveReloadServer - Unable to start LiveReload server
14:05:45.233 [restartedMain] INFO  o.s.c.n.e.c.DiscoveryClientOptionalArgsConfiguration - Eureka HTTP Client uses RestTemplate.
14:05:45.477 [restartedMain] WARN  o.s.c.l.c.LoadBalancerCacheAutoConfiguration$LoadBalancerCaffeineWarnLogger - Spring Cloud LoadBalancer is currently working with the default cache. While this cache implementation is useful for development and tests, it's recommended to use Caffeine cache in production.You can switch to using Caffeine cache, by adding it and org.springframework.cache.caffeine.CaffeineCacheManager to the classpath.
14:05:45.492 [restartedMain] INFO  o.a.coyote.http11.Http11NioProtocol - Starting ProtocolHandler ["http-nio-auto-6"]
14:05:45.495 [restartedMain] INFO  o.s.b.w.e.tomcat.TomcatWebServer - Tomcat started on port(s): 52220 (http) with context path ''
14:05:45.495 [restartedMain] INFO  o.s.c.n.e.s.EurekaAutoServiceRegistration - Updating port to 52220
14:05:45.496 [restartedMain] INFO  o.s.c.n.eureka.InstanceInfoFactory - Setting initial instance status as: STARTING
14:05:45.497 [restartedMain] INFO  c.netflix.discovery.DiscoveryClient - Initializing Eureka in region us-east-1
14:05:45.497 [restartedMain] INFO  c.n.d.s.r.aws.ConfigClusterResolver - Resolving eureka endpoints via configuration
14:05:45.498 [restartedMain] INFO  c.netflix.discovery.DiscoveryClient - Disable delta property : false
14:05:45.498 [restartedMain] INFO  c.netflix.discovery.DiscoveryClient - Single vip registry refresh property : null
14:05:45.498 [restartedMain] INFO  c.netflix.discovery.DiscoveryClient - Force full registry fetch : false
14:05:45.499 [restartedMain] INFO  c.netflix.discovery.DiscoveryClient - Application is null : false
14:05:45.499 [restartedMain] INFO  c.netflix.discovery.DiscoveryClient - Registered Applications size is zero : true
14:05:45.499 [restartedMain] INFO  c.netflix.discovery.DiscoveryClient - Application version is -1: true
14:05:45.499 [restartedMain] INFO  c.netflix.discovery.DiscoveryClient - Getting all instance registry info from the eureka server
14:05:45.517 [restartedMain] INFO  c.netflix.discovery.DiscoveryClient - The response status is 200
14:05:45.518 [restartedMain] INFO  c.netflix.discovery.DiscoveryClient - Starting heartbeat executor: renew interval is: 30
14:05:45.519 [restartedMain] INFO  c.n.discovery.InstanceInfoReplicator - InstanceInfoReplicator onDemand update allowed rate per min is 4
14:05:45.521 [restartedMain] INFO  c.netflix.discovery.DiscoveryClient - Discovery Client initialized at timestamp 1693730145521 with initial instances count: 4
14:05:45.523 [restartedMain] INFO  o.s.c.n.e.s.EurekaServiceRegistry - Registering application UMS-BATCH-SERVICE with eureka with status UP
14:05:45.524 [restartedMain] INFO  c.netflix.discovery.DiscoveryClient - Saw local status change event StatusChangeEvent [timestamp=1693730145524, current=UP, previous=STARTING]
14:05:45.524 [DiscoveryClient-InstanceInfoReplicator-0] INFO  c.netflix.discovery.DiscoveryClient - DiscoveryClient_UMS-BATCH-SERVICE/IKCON1049:UMS-BATCH-SERVICE:0: registering service...
14:05:45.537 [DiscoveryClient-InstanceInfoReplicator-0] INFO  c.netflix.discovery.DiscoveryClient - DiscoveryClient_UMS-BATCH-SERVICE/IKCON1049:UMS-BATCH-SERVICE:0 - registration status: 204
14:05:45.905 [restartedMain] INFO  com.ikn.ums.TeamsBatchJobApplication - Started TeamsBatchJobApplication in 2.928 seconds (JVM running for 1794.292)
14:05:45.907 [restartedMain] INFO  o.s.b.d.a.ConditionEvaluationDeltaLoggingListener - Condition evaluation unchanged
14:05:46.402 [File Watcher] INFO  o.s.b.d.a.LocalDevToolsAutoConfiguration$RestartingClassPathChangeChangedEventListener - Restarting due to 1 class path change (0 additions, 0 deletions, 1 modification)
14:05:46.403 [Thread-31] INFO  o.s.c.n.e.s.EurekaServiceRegistry - Unregistering application UMS-BATCH-SERVICE with eureka with status DOWN
14:05:46.403 [Thread-31] INFO  c.netflix.discovery.DiscoveryClient - Saw local status change event StatusChangeEvent [timestamp=1693730146403, current=DOWN, previous=UP]
14:05:46.404 [DiscoveryClient-InstanceInfoReplicator-0] INFO  c.netflix.discovery.DiscoveryClient - DiscoveryClient_UMS-BATCH-SERVICE/IKCON1049:UMS-BATCH-SERVICE:0: registering service...
14:05:46.412 [DiscoveryClient-InstanceInfoReplicator-0] INFO  c.netflix.discovery.DiscoveryClient - DiscoveryClient_UMS-BATCH-SERVICE/IKCON1049:UMS-BATCH-SERVICE:0 - registration status: 204
14:05:46.650 [Thread-31] INFO  o.a.coyote.http11.Http11NioProtocol - Pausing ProtocolHandler ["http-nio-auto-6"]
14:05:46.650 [Thread-31] INFO  o.a.catalina.core.StandardService - Stopping service [Tomcat]
14:05:46.657 [Thread-31] INFO  o.a.coyote.http11.Http11NioProtocol - Stopping ProtocolHandler ["http-nio-auto-6"]
14:05:46.660 [Thread-31] INFO  o.a.coyote.http11.Http11NioProtocol - Destroying ProtocolHandler ["http-nio-auto-6"]
14:05:46.664 [Thread-31] INFO  o.s.o.j.LocalContainerEntityManagerFactoryBean - Closing JPA EntityManagerFactory for persistence unit 'default'
14:05:46.665 [Thread-31] INFO  com.zaxxer.hikari.HikariDataSource - HikariPool-6 - Shutdown initiated...
14:05:46.936 [Thread-31] INFO  com.zaxxer.hikari.HikariDataSource - HikariPool-6 - Shutdown completed.
14:05:46.937 [Thread-31] INFO  c.netflix.discovery.DiscoveryClient - Shutting down DiscoveryClient ...
14:05:49.949 [Thread-31] INFO  c.netflix.discovery.DiscoveryClient - Unregistering ...
14:05:49.964 [Thread-31] INFO  c.netflix.discovery.DiscoveryClient - DiscoveryClient_UMS-BATCH-SERVICE/IKCON1049:UMS-BATCH-SERVICE:0 - deregister  status: 200
14:05:49.968 [Thread-31] INFO  c.netflix.discovery.DiscoveryClient - Completed shut down of DiscoveryClient
14:05:50.475 [restartedMain] INFO  com.ikn.ums.TeamsBatchJobApplication - Starting TeamsBatchJobApplication using Java 11.0.18 on IKCON1049 with PID 25052 (C:\STS-4\IKCON\Products\UMS\msteams-batchjob-service3\target\classes started by VaishnavPuthiyanampa in C:\STS-4\IKCON\Products\UMS\msteams-batchjob-service3)
14:05:50.476 [restartedMain] INFO  com.ikn.ums.TeamsBatchJobApplication - No active profile set, falling back to 1 default profile: "default"
14:05:51.534 [restartedMain] INFO  o.s.d.r.c.RepositoryConfigurationDelegate - Bootstrapping Spring Data JPA repositories in DEFAULT mode.
14:05:51.644 [restartedMain] INFO  o.s.d.r.c.RepositoryConfigurationDelegate - Finished Spring Data repository scanning in 108 ms. Found 4 JPA repository interfaces.
14:05:51.870 [restartedMain] INFO  o.s.cloud.context.scope.GenericScope - BeanFactory id=538d350a-361c-3692-bf29-8284430ef003
14:05:52.076 [restartedMain] INFO  o.s.b.w.e.tomcat.TomcatWebServer - Tomcat initialized with port(s): 0 (http)
14:05:52.078 [restartedMain] INFO  o.a.coyote.http11.Http11NioProtocol - Initializing ProtocolHandler ["http-nio-auto-7"]
14:05:52.079 [restartedMain] INFO  o.a.catalina.core.StandardService - Starting service [Tomcat]
14:05:52.079 [restartedMain] INFO  o.a.catalina.core.StandardEngine - Starting Servlet engine: [Apache Tomcat/9.0.78]
14:05:52.206 [restartedMain] INFO  o.a.c.c.C.[Tomcat].[localhost].[/] - Initializing Spring embedded WebApplicationContext
14:05:52.206 [restartedMain] INFO  o.s.b.w.s.c.ServletWebServerApplicationContext - Root WebApplicationContext: initialization completed in 1723 ms
14:05:52.313 [restartedMain] INFO  o.h.jpa.internal.util.LogHelper - HHH000204: Processing PersistenceUnitInfo [name: default]
14:05:52.335 [restartedMain] INFO  com.zaxxer.hikari.HikariDataSource - HikariPool-7 - Starting...
14:05:52.803 [restartedMain] INFO  com.zaxxer.hikari.HikariDataSource - HikariPool-7 - Start completed.
14:05:52.804 [restartedMain] INFO  org.hibernate.dialect.Dialect - HHH000400: Using dialect: org.hibernate.dialect.PostgreSQLDialect
14:05:53.338 [restartedMain] INFO  o.h.e.t.j.p.i.JtaPlatformInitiator - HHH000490: Using JtaPlatform implementation: [org.hibernate.engine.transaction.jta.platform.internal.NoJtaPlatform]
14:05:53.338 [restartedMain] INFO  o.s.o.j.LocalContainerEntityManagerFactoryBean - Initialized JPA EntityManagerFactory for persistence unit 'default'
14:05:53.777 [restartedMain] WARN  o.s.b.a.o.j.JpaBaseConfiguration$JpaWebConfiguration - spring.jpa.open-in-view is enabled by default. Therefore, database queries may be performed during view rendering. Explicitly configure spring.jpa.open-in-view to disable this warning
14:05:54.069 [restartedMain] WARN  o.s.b.d.a.OptionalLiveReloadServer - Unable to start LiveReload server
14:05:54.952 [restartedMain] INFO  o.s.c.n.e.c.DiscoveryClientOptionalArgsConfiguration - Eureka HTTP Client uses RestTemplate.
14:05:55.777 [restartedMain] WARN  o.s.c.l.c.LoadBalancerCacheAutoConfiguration$LoadBalancerCaffeineWarnLogger - Spring Cloud LoadBalancer is currently working with the default cache. While this cache implementation is useful for development and tests, it's recommended to use Caffeine cache in production.You can switch to using Caffeine cache, by adding it and org.springframework.cache.caffeine.CaffeineCacheManager to the classpath.
14:05:55.822 [restartedMain] INFO  o.a.coyote.http11.Http11NioProtocol - Starting ProtocolHandler ["http-nio-auto-7"]
14:05:55.829 [restartedMain] INFO  o.s.b.w.e.tomcat.TomcatWebServer - Tomcat started on port(s): 52251 (http) with context path ''
14:05:55.830 [restartedMain] INFO  o.s.c.n.e.s.EurekaAutoServiceRegistration - Updating port to 52251
14:05:55.832 [restartedMain] INFO  o.s.c.n.eureka.InstanceInfoFactory - Setting initial instance status as: STARTING
14:05:55.838 [restartedMain] INFO  c.netflix.discovery.DiscoveryClient - Initializing Eureka in region us-east-1
14:05:55.839 [restartedMain] INFO  c.n.d.s.r.aws.ConfigClusterResolver - Resolving eureka endpoints via configuration
14:05:55.842 [restartedMain] INFO  c.netflix.discovery.DiscoveryClient - Disable delta property : false
14:05:55.842 [restartedMain] INFO  c.netflix.discovery.DiscoveryClient - Single vip registry refresh property : null
14:05:55.842 [restartedMain] INFO  c.netflix.discovery.DiscoveryClient - Force full registry fetch : false
14:05:55.842 [restartedMain] INFO  c.netflix.discovery.DiscoveryClient - Application is null : false
14:05:55.842 [restartedMain] INFO  c.netflix.discovery.DiscoveryClient - Registered Applications size is zero : true
14:05:55.842 [restartedMain] INFO  c.netflix.discovery.DiscoveryClient - Application version is -1: true
14:05:55.842 [restartedMain] INFO  c.netflix.discovery.DiscoveryClient - Getting all instance registry info from the eureka server
14:05:55.892 [restartedMain] INFO  c.netflix.discovery.DiscoveryClient - The response status is 200
14:05:55.895 [restartedMain] INFO  c.netflix.discovery.DiscoveryClient - Starting heartbeat executor: renew interval is: 30
14:05:55.897 [restartedMain] INFO  c.n.discovery.InstanceInfoReplicator - InstanceInfoReplicator onDemand update allowed rate per min is 4
14:05:55.899 [restartedMain] INFO  c.netflix.discovery.DiscoveryClient - Discovery Client initialized at timestamp 1693730155899 with initial instances count: 4
14:05:55.904 [restartedMain] INFO  o.s.c.n.e.s.EurekaServiceRegistry - Registering application UMS-BATCH-SERVICE with eureka with status UP
14:05:55.905 [restartedMain] INFO  c.netflix.discovery.DiscoveryClient - Saw local status change event StatusChangeEvent [timestamp=1693730155905, current=UP, previous=STARTING]
14:05:55.906 [DiscoveryClient-InstanceInfoReplicator-0] INFO  c.netflix.discovery.DiscoveryClient - DiscoveryClient_UMS-BATCH-SERVICE/IKCON1049:UMS-BATCH-SERVICE:0: registering service...
14:05:55.940 [DiscoveryClient-InstanceInfoReplicator-0] INFO  c.netflix.discovery.DiscoveryClient - DiscoveryClient_UMS-BATCH-SERVICE/IKCON1049:UMS-BATCH-SERVICE:0 - registration status: 204
14:05:56.702 [restartedMain] INFO  com.ikn.ums.TeamsBatchJobApplication - Started TeamsBatchJobApplication in 6.649 seconds (JVM running for 1805.088)
14:05:56.706 [restartedMain] INFO  o.s.b.d.a.ConditionEvaluationDeltaLoggingListener - Condition evaluation unchanged
14:08:23.692 [http-nio-auto-7-exec-1] INFO  o.a.c.c.C.[Tomcat].[localhost].[/] - Initializing Spring DispatcherServlet 'dispatcherServlet'
14:08:23.692 [http-nio-auto-7-exec-1] INFO  o.s.web.servlet.DispatcherServlet - Initializing Servlet 'dispatcherServlet'
14:08:23.693 [http-nio-auto-7-exec-1] INFO  o.s.web.servlet.DispatcherServlet - Completed initialization in 1 ms
14:10:55.849 [AsyncResolver-bootstrap-executor-0] INFO  c.n.d.s.r.aws.ConfigClusterResolver - Resolving eureka endpoints via configuration
14:15:55.860 [AsyncResolver-bootstrap-executor-0] INFO  c.n.d.s.r.aws.ConfigClusterResolver - Resolving eureka endpoints via configuration
14:20:55.874 [AsyncResolver-bootstrap-executor-0] INFO  c.n.d.s.r.aws.ConfigClusterResolver - Resolving eureka endpoints via configuration
14:25:55.893 [AsyncResolver-bootstrap-executor-0] INFO  c.n.d.s.r.aws.ConfigClusterResolver - Resolving eureka endpoints via configuration
14:30:55.902 [AsyncResolver-bootstrap-executor-0] INFO  c.n.d.s.r.aws.ConfigClusterResolver - Resolving eureka endpoints via configuration
14:35:55.914 [AsyncResolver-bootstrap-executor-0] INFO  c.n.d.s.r.aws.ConfigClusterResolver - Resolving eureka endpoints via configuration
14:40:55.918 [AsyncResolver-bootstrap-executor-0] INFO  c.n.d.s.r.aws.ConfigClusterResolver - Resolving eureka endpoints via configuration
14:45:55.934 [AsyncResolver-bootstrap-executor-0] INFO  c.n.d.s.r.aws.ConfigClusterResolver - Resolving eureka endpoints via configuration
14:50:55.948 [AsyncResolver-bootstrap-executor-0] INFO  c.n.d.s.r.aws.ConfigClusterResolver - Resolving eureka endpoints via configuration
14:55:55.955 [AsyncResolver-bootstrap-executor-0] INFO  c.n.d.s.r.aws.ConfigClusterResolver - Resolving eureka endpoints via configuration
15:00:55.967 [AsyncResolver-bootstrap-executor-0] INFO  c.n.d.s.r.aws.ConfigClusterResolver - Resolving eureka endpoints via configuration
15:05:55.987 [AsyncResolver-bootstrap-executor-0] INFO  c.n.d.s.r.aws.ConfigClusterResolver - Resolving eureka endpoints via configuration
15:10:55.994 [AsyncResolver-bootstrap-executor-0] INFO  c.n.d.s.r.aws.ConfigClusterResolver - Resolving eureka endpoints via configuration
15:15:56.007 [AsyncResolver-bootstrap-executor-0] INFO  c.n.d.s.r.aws.ConfigClusterResolver - Resolving eureka endpoints via configuration
15:20:56.010 [AsyncResolver-bootstrap-executor-0] INFO  c.n.d.s.r.aws.ConfigClusterResolver - Resolving eureka endpoints via configuration
15:25:56.018 [AsyncResolver-bootstrap-executor-0] INFO  c.n.d.s.r.aws.ConfigClusterResolver - Resolving eureka endpoints via configuration
15:30:56.031 [AsyncResolver-bootstrap-executor-0] INFO  c.n.d.s.r.aws.ConfigClusterResolver - Resolving eureka endpoints via configuration
15:35:56.034 [AsyncResolver-bootstrap-executor-0] INFO  c.n.d.s.r.aws.ConfigClusterResolver - Resolving eureka endpoints via configuration
15:40:56.041 [AsyncResolver-bootstrap-executor-0] INFO  c.n.d.s.r.aws.ConfigClusterResolver - Resolving eureka endpoints via configuration
15:45:56.053 [AsyncResolver-bootstrap-executor-0] INFO  c.n.d.s.r.aws.ConfigClusterResolver - Resolving eureka endpoints via configuration
15:50:56.057 [AsyncResolver-bootstrap-executor-0] INFO  c.n.d.s.r.aws.ConfigClusterResolver - Resolving eureka endpoints via configuration
15:55:56.072 [AsyncResolver-bootstrap-executor-0] INFO  c.n.d.s.r.aws.ConfigClusterResolver - Resolving eureka endpoints via configuration
16:00:56.086 [AsyncResolver-bootstrap-executor-0] INFO  c.n.d.s.r.aws.ConfigClusterResolver - Resolving eureka endpoints via configuration
16:05:56.091 [AsyncResolver-bootstrap-executor-0] INFO  c.n.d.s.r.aws.ConfigClusterResolver - Resolving eureka endpoints via configuration
16:10:56.097 [AsyncResolver-bootstrap-executor-0] INFO  c.n.d.s.r.aws.ConfigClusterResolver - Resolving eureka endpoints via configuration
16:15:56.112 [AsyncResolver-bootstrap-executor-0] INFO  c.n.d.s.r.aws.ConfigClusterResolver - Resolving eureka endpoints via configuration
16:20:57.160 [AsyncResolver-bootstrap-executor-0] INFO  c.n.d.s.r.aws.ConfigClusterResolver - Resolving eureka endpoints via configuration
16:25:57.196 [AsyncResolver-bootstrap-executor-0] INFO  c.n.d.s.r.aws.ConfigClusterResolver - Resolving eureka endpoints via configuration
16:30:57.204 [AsyncResolver-bootstrap-executor-0] INFO  c.n.d.s.r.aws.ConfigClusterResolver - Resolving eureka endpoints via configuration
16:35:57.205 [AsyncResolver-bootstrap-executor-0] INFO  c.n.d.s.r.aws.ConfigClusterResolver - Resolving eureka endpoints via configuration
16:40:57.215 [AsyncResolver-bootstrap-executor-0] INFO  c.n.d.s.r.aws.ConfigClusterResolver - Resolving eureka endpoints via configuration
16:55:54.276 [HikariPool-7 housekeeper] WARN  com.zaxxer.hikari.pool.HikariPool - HikariPool-7 - Thread starvation or clock leap detected (housekeeper delta=11m57s831ms359s400ns).
16:57:25.048 [AsyncResolver-bootstrap-executor-0] INFO  c.n.d.s.r.aws.ConfigClusterResolver - Resolving eureka endpoints via configuration
17:02:25.063 [AsyncResolver-bootstrap-executor-0] INFO  c.n.d.s.r.aws.ConfigClusterResolver - Resolving eureka endpoints via configuration
17:07:25.066 [AsyncResolver-bootstrap-executor-0] INFO  c.n.d.s.r.aws.ConfigClusterResolver - Resolving eureka endpoints via configuration
17:12:25.076 [AsyncResolver-bootstrap-executor-0] INFO  c.n.d.s.r.aws.ConfigClusterResolver - Resolving eureka endpoints via configuration
17:17:25.077 [AsyncResolver-bootstrap-executor-0] INFO  c.n.d.s.r.aws.ConfigClusterResolver - Resolving eureka endpoints via configuration
17:22:25.085 [AsyncResolver-bootstrap-executor-0] INFO  c.n.d.s.r.aws.ConfigClusterResolver - Resolving eureka endpoints via configuration
17:27:25.099 [AsyncResolver-bootstrap-executor-0] INFO  c.n.d.s.r.aws.ConfigClusterResolver - Resolving eureka endpoints via configuration
17:32:25.100 [AsyncResolver-bootstrap-executor-0] INFO  c.n.d.s.r.aws.ConfigClusterResolver - Resolving eureka endpoints via configuration
17:37:25.104 [AsyncResolver-bootstrap-executor-0] INFO  c.n.d.s.r.aws.ConfigClusterResolver - Resolving eureka endpoints via configuration
17:42:25.113 [AsyncResolver-bootstrap-executor-0] INFO  c.n.d.s.r.aws.ConfigClusterResolver - Resolving eureka endpoints via configuration
17:47:25.127 [AsyncResolver-bootstrap-executor-0] INFO  c.n.d.s.r.aws.ConfigClusterResolver - Resolving eureka endpoints via configuration
17:52:25.134 [AsyncResolver-bootstrap-executor-0] INFO  c.n.d.s.r.aws.ConfigClusterResolver - Resolving eureka endpoints via configuration
17:57:25.146 [AsyncResolver-bootstrap-executor-0] INFO  c.n.d.s.r.aws.ConfigClusterResolver - Resolving eureka endpoints via configuration
18:02:25.150 [AsyncResolver-bootstrap-executor-0] INFO  c.n.d.s.r.aws.ConfigClusterResolver - Resolving eureka endpoints via configuration
18:07:25.158 [AsyncResolver-bootstrap-executor-0] INFO  c.n.d.s.r.aws.ConfigClusterResolver - Resolving eureka endpoints via configuration
18:12:25.159 [AsyncResolver-bootstrap-executor-0] INFO  c.n.d.s.r.aws.ConfigClusterResolver - Resolving eureka endpoints via configuration
18:17:25.172 [AsyncResolver-bootstrap-executor-0] INFO  c.n.d.s.r.aws.ConfigClusterResolver - Resolving eureka endpoints via configuration
18:22:25.174 [AsyncResolver-bootstrap-executor-0] INFO  c.n.d.s.r.aws.ConfigClusterResolver - Resolving eureka endpoints via configuration
18:27:25.177 [AsyncResolver-bootstrap-executor-0] INFO  c.n.d.s.r.aws.ConfigClusterResolver - Resolving eureka endpoints via configuration
18:32:25.188 [AsyncResolver-bootstrap-executor-0] INFO  c.n.d.s.r.aws.ConfigClusterResolver - Resolving eureka endpoints via configuration
18:37:25.201 [AsyncResolver-bootstrap-executor-0] INFO  c.n.d.s.r.aws.ConfigClusterResolver - Resolving eureka endpoints via configuration
18:42:25.206 [AsyncResolver-bootstrap-executor-0] INFO  c.n.d.s.r.aws.ConfigClusterResolver - Resolving eureka endpoints via configuration
18:47:25.215 [AsyncResolver-bootstrap-executor-0] INFO  c.n.d.s.r.aws.ConfigClusterResolver - Resolving eureka endpoints via configuration
18:57:54.406 [HikariPool-7 housekeeper] WARN  com.zaxxer.hikari.pool.HikariPool - HikariPool-7 - Thread starvation or clock leap detected (housekeeper delta=9m28s288ms132s700ns).
19:01:23.495 [AsyncResolver-bootstrap-executor-0] INFO  c.n.d.s.r.aws.ConfigClusterResolver - Resolving eureka endpoints via configuration
19:03:50.356 [RMI TCP Connection(312)-127.0.0.1] INFO  o.s.b.a.SpringApplicationAdminMXBeanRegistrar$SpringApplicationAdmin - Application shutdown requested.
19:03:50.356 [RMI TCP Connection(311)-127.0.0.1] INFO  o.s.b.a.SpringApplicationAdminMXBeanRegistrar$SpringApplicationAdmin - Application shutdown requested.
19:03:50.414 [RMI TCP Connection(312)-127.0.0.1] INFO  o.s.c.n.e.s.EurekaServiceRegistry - Unregistering application UMS-BATCH-SERVICE with eureka with status DOWN
19:03:50.415 [RMI TCP Connection(312)-127.0.0.1] INFO  c.netflix.discovery.DiscoveryClient - Saw local status change event StatusChangeEvent [timestamp=1693748030415, current=DOWN, previous=UP]
19:03:50.419 [DiscoveryClient-InstanceInfoReplicator-0] INFO  c.netflix.discovery.DiscoveryClient - DiscoveryClient_UMS-BATCH-SERVICE/IKCON1049:UMS-BATCH-SERVICE:0: registering service...
19:03:50.472 [RMI TCP Connection(313)-127.0.0.1] INFO  o.s.b.a.SpringApplicationAdminMXBeanRegistrar$SpringApplicationAdmin - Application shutdown requested.
19:03:50.558 [DiscoveryClient-InstanceInfoReplicator-0] INFO  c.netflix.discovery.DiscoveryClient - DiscoveryClient_UMS-BATCH-SERVICE/IKCON1049:UMS-BATCH-SERVICE:0 - registration status: 204
19:03:50.638 [RMI TCP Connection(314)-127.0.0.1] INFO  o.s.b.a.SpringApplicationAdminMXBeanRegistrar$SpringApplicationAdmin - Application shutdown requested.
19:03:50.701 [RMI TCP Connection(312)-127.0.0.1] INFO  o.a.coyote.http11.Http11NioProtocol - Pausing ProtocolHandler ["http-nio-auto-7"]
19:03:50.702 [RMI TCP Connection(312)-127.0.0.1] INFO  o.a.catalina.core.StandardService - Stopping service [Tomcat]
19:03:50.712 [RMI TCP Connection(312)-127.0.0.1] INFO  o.a.c.c.C.[Tomcat].[localhost].[/] - Destroying Spring FrameworkServlet 'dispatcherServlet'
19:03:50.743 [RMI TCP Connection(312)-127.0.0.1] INFO  o.a.coyote.http11.Http11NioProtocol - Stopping ProtocolHandler ["http-nio-auto-7"]
19:03:50.762 [RMI TCP Connection(312)-127.0.0.1] INFO  o.a.coyote.http11.Http11NioProtocol - Destroying ProtocolHandler ["http-nio-auto-7"]
19:03:50.805 [RMI TCP Connection(312)-127.0.0.1] INFO  o.s.o.j.LocalContainerEntityManagerFactoryBean - Closing JPA EntityManagerFactory for persistence unit 'default'
